----------------------------------------------------------------------
Version 1.2.0
2016-01-04

在Ali ECS centos6.5 x86_64中调试环境，成功部署

----------------------------------------------------------------------
Version 1.1.2
2015-09-13

取消 Pthreads - PHP 多线程模型扩展，在 install.sh 中提供 enable_php_thread 参数设置

----------------------------------------------------------------------
Version 1.1.1
2015-08-31

增加 Mysql 源码编译的支持

----------------------------------------------------------------------

Version 1.1.0
2015-08-26

增加 Pthreads - PHP 扩展，多线程支持

----------------------------------------------------------------------

Version 1.0.9
2015-08-14

修正安装过程中无法添加 huakai 用户的Bug

----------------------------------------------------------------------

Version 1.0.8
2015-08-07

更新 PHP 5.6.12 版本中，指定临时上传文件目录为 /tmp
增加 CentOS 6.6 系统中 iotop 工具，监控磁盘性能
增加 CentOS 6.6 系统中 iftop 工具，监控网络流量

----------------------------------------------------------------------

Version 1.0.7
2015-08-04

升级 PHP 到 5.6.12 稳定版本，并修正脚本配置
修复 /etc/profile 在卸载脚本中的问题

----------------------------------------------------------------------

Version 1.0.7
2015-08-03

软件包本地化，不使用wget进行在线下载，加速编译时间
部分软件组件版本升级
添加mysql安装开关，在 install.sh 中进行配置 disable_install_mysql
修复php初始化本地MySQL用户密码的bug

----------------------------------------------------------------------
Version 1.0.6
2015-07-28

升级 Nginx 到 1.8.0 官方稳定版本

----------------------------------------------------------------------
Version 1.0.5
2015-07-28

完善 uninstall.sh 功能，清除ECS Web节点环境，
增加阿里云 OCS memcached 缓存功能，修改kuakai.sh，

----------------------------------------------------------------------
Version 1.0.4
2015-07-26

修正 PHP-fpm 由 nobody 用户启动的问题，改为 huakai 用户启动后台服务进程，
添加 redis-server 随系统启动，添加启动脚本到 /etc/rc.local，
优化 PHP.ini 配置参数，
优化 PHP-fpm 进程管理器在 CGI 模式下面的处理请求参数

----------------------------------------------------------------------
Version 1.0.3
2015-07-23

禁用 php 5.5.7 中的session功能，在编译的时候开启--disable-session选项
禁用 other_mods php memcached 中session功能，php禁用session后，如果memcached不禁用，则出现编译配置错误
禁用 other_mods php redis 扩展的session功能，参数--disable-redis-session
修正了 huakai.sh 中 extension = memcached.so -> extension 单词拼写错误导致扩展无法使用问题
开启 PHP opcache 加速功能，脚本为 install_php_extension.sh

----------------------------------------------------------------------
Version 1.0.2
2015-07-20

修复 other_mods 中sh脚本bug,
修复 huakai 创建用户的密码转义问题,
修复 php.ini 配置bug,
禁用了memcache php扩展，因为3.0.6版本在编译的时候存在bug，
修复了opcache.so 在php 5.5.7版本的sh脚本中没有拷贝的bug。


----------------------------------------------------------------------
Version 1.0.1
2015-07-20

完成在干净的阿里云 Centos 6.5 x86-64 系统上面部署环境，
主要包含：
Nginx，PHP，PHP-Memcached，php-redis，php-seaslog，Mysql server，
huakai 用户，花开HTTPS站点的nginx vhosts配置。
